<?xml version="1.0" encoding="UTF-8"?>
<!-- Generated by org.testng.reporters.JUnitXMLReporter -->
<testsuite ignored="0" hostname="DESKTOP-C4941E1" failures="3" tests="32" name="Test" time="3128.667" errors="0" timestamp="2024-02-28T19:10:31 IST">
  <testcase classname="Home_page.Bank_ACH" name="Bank_ACH_Processing" time="76.79"/>
  <testcase classname="Home_page.Bank_ACH" name="Bank_ACH_Save" time="71.751"/>
  <testcase classname="Home_page.Bank_WIre" name="Bank_Wire_Processing" time="86.448"/>
  <testcase classname="Home_page.Bank_WIre" name="Bank_Wire_Save" time="86.501"/>
  <testcase classname="Home_page.Bank_VirtualCard" name="Bank_Virtual_Card_Processing" time="75.659"/>
  <testcase classname="Home_page.Bank_VirtualCard" name="Bank_Virtual_Card_Save" time="70.783"/>
  <testcase classname="Home_page.Bank_Check" name="Bank_Check_DirectDeposit" time="77.22"/>
  <testcase classname="Home_page.Bank_Check" name="Bank_Check_Email" time="74.425"/>
  <testcase classname="Home_page.Bank_Check" name="Bank_Check_Mail" time="48.441">
    <failure type="org.openqa.selenium.NoSuchElementException" message="no such element: Unable to locate element: {&amp;quot;method&amp;quot;:&amp;quot;xpath&amp;quot;,&amp;quot;selector&amp;quot;:&amp;quot;//button[contains(text(),&amp;apos;OK&amp;apos;)]&amp;quot;}
  (Session info: chrome=121.0.6167.162)
For documentation on this error, please visit: https://www.selenium.dev/documentation/webdriver/troubleshooting/errors#no-such-element-exception
Build info: version: &amp;apos;4.17.0&amp;apos;, revision: &amp;apos;e52b1be057*&amp;apos;
System info: os.name: &amp;apos;Windows 10&amp;apos;, os.arch: &amp;apos;amd64&amp;apos;, os.version: &amp;apos;10.0&amp;apos;, java.version: &amp;apos;17.0.9&amp;apos;
Driver info: org.openqa.selenium.chrome.ChromeDriver
Command: [04e048424cdf9c992e1d19e8cadd7451, findElement {using=xpath, value=//button[contains(text(),&amp;apos;OK&amp;apos;)]}]
Capabilities {acceptInsecureCerts: false, browserName: chrome, browserVersion: 121.0.6167.162, chrome: {chromedriverVersion: 120.0.6099.109 (3419140ab66..., userDataDir: C:\Users\ASLAHK~1\AppData\L...}, fedcm:accounts: true, goog:chromeOptions: {debuggerAddress: localhost:57060}, networkConnectionEnabled: false, pageLoadStrategy: normal, platformName: windows, proxy: Proxy(), se:cdp: ws://localhost:57060/devtoo..., se:cdpVersion: 121.0.6167.162, setWindowRect: true, strictFileInteractability: false, timeouts: {implicit: 0, pageLoad: 300000, script: 30000}, unhandledPromptBehavior: dismiss and notify, webauthn:extension:credBlob: true, webauthn:extension:largeBlob: true, webauthn:extension:minPinLength: true, webauthn:extension:prf: true, webauthn:virtualAuthenticators: true}
Session ID: 04e048424cdf9c992e1d19e8cadd7451">
      <![CDATA[org.openqa.selenium.NoSuchElementException: no such element: Unable to locate element: {"method":"xpath","selector":"//button[contains(text(),'OK')]"}
  (Session info: chrome=121.0.6167.162)
For documentation on this error, please visit: https://www.selenium.dev/documentation/webdriver/troubleshooting/errors#no-such-element-exception
Build info: version: '4.17.0', revision: 'e52b1be057*'
System info: os.name: 'Windows 10', os.arch: 'amd64', os.version: '10.0', java.version: '17.0.9'
Driver info: org.openqa.selenium.chrome.ChromeDriver
Command: [04e048424cdf9c992e1d19e8cadd7451, findElement {using=xpath, value=//button[contains(text(),'OK')]}]
Capabilities {acceptInsecureCerts: false, browserName: chrome, browserVersion: 121.0.6167.162, chrome: {chromedriverVersion: 120.0.6099.109 (3419140ab66..., userDataDir: C:\Users\ASLAHK~1\AppData\L...}, fedcm:accounts: true, goog:chromeOptions: {debuggerAddress: localhost:57060}, networkConnectionEnabled: false, pageLoadStrategy: normal, platformName: windows, proxy: Proxy(), se:cdp: ws://localhost:57060/devtoo..., se:cdpVersion: 121.0.6167.162, setWindowRect: true, strictFileInteractability: false, timeouts: {implicit: 0, pageLoad: 300000, script: 30000}, unhandledPromptBehavior: dismiss and notify, webauthn:extension:credBlob: true, webauthn:extension:largeBlob: true, webauthn:extension:minPinLength: true, webauthn:extension:prf: true, webauthn:virtualAuthenticators: true}
Session ID: 04e048424cdf9c992e1d19e8cadd7451
at org.openqa.selenium.remote.codec.w3c.W3CHttpResponseCodec.createException(W3CHttpResponseCodec.java:185)
at org.openqa.selenium.remote.codec.w3c.W3CHttpResponseCodec.decode(W3CHttpResponseCodec.java:134)
at org.openqa.selenium.remote.codec.w3c.W3CHttpResponseCodec.decode(W3CHttpResponseCodec.java:51)
at org.openqa.selenium.remote.HttpCommandExecutor.execute(HttpCommandExecutor.java:190)
at org.openqa.selenium.remote.service.DriverCommandExecutor.invokeExecute(DriverCommandExecutor.java:216)
at org.openqa.selenium.remote.service.DriverCommandExecutor.execute(DriverCommandExecutor.java:174)
at org.openqa.selenium.remote.RemoteWebDriver.execute(RemoteWebDriver.java:519)
at org.openqa.selenium.remote.ElementLocation$ElementFinder$2.findElement(ElementLocation.java:165)
at org.openqa.selenium.remote.ElementLocation.findElement(ElementLocation.java:59)
at org.openqa.selenium.remote.RemoteWebDriver.findElement(RemoteWebDriver.java:356)
at org.openqa.selenium.remote.RemoteWebDriver.findElement(RemoteWebDriver.java:350)
at Home_page.Bank_Check.Bank_Check_Mail(Bank_Check.java:497)
at java.base/java.util.ArrayList.forEach(ArrayList.java:1511)
... Removed 32 stack frames]]>
    </failure>
  </testcase> <!-- Bank_Check_Mail -->
  <testcase classname="Home_page.Bank_Check" name="Bank_Check_Save" time="192.621"/>
  <testcase classname="Home_page.Bank_Check" name="Bank_Print_Check_Paper" time="79.745"/>
  <testcase classname="Home_page.Bank_Check" name="Bank_Print_White_Paper" time="84.174"/>
  <testcase classname="Home_page.Wallet_to_CheckMail" name="Wallet_CheckMail_Processing" time="133.059"/>
  <testcase classname="Home_page.Wallet_to_CheckMail" name="Wallet_CheckMail_Save" time="75.574"/>
  <testcase classname="Home_page.Wallet_to_ACH" name="Wallet__ACH_Processing" time="73.883"/>
  <testcase classname="Home_page.Wallet_to_ACH" name="Wallet__ACH_Save" time="73.586"/>
  <testcase classname="Home_page.Wallet_to_VirtualCard" name="Wallet_VirtualCard_Processing" time="73.459"/>
  <testcase classname="Home_page.Wallet_to_VirtualCard" name="Wallet_VirtualCard_Save" time="73.687"/>
  <testcase classname="Home_page.Wallet_to_Wire" name="Wallet_Wire_Processing" time="38.191">
    <failure type="org.openqa.selenium.NoSuchElementException" message="no such element: Unable to locate element: {&amp;quot;method&amp;quot;:&amp;quot;xpath&amp;quot;,&amp;quot;selector&amp;quot;:&amp;quot;//body/app-root[1]/app-content-layout-v35[1]/div[1]/div[2]/div[2]/app-home-v35[1]/div[1]/div[1]/div[1]/div[1]/app-payments-main-v35[1]/div[1]/div[3]/div[4]/div[1]/div[1]/div[1]/button[1]&amp;quot;}
  (Session info: chrome=121.0.6167.162)
For documentation on this error, please visit: https://www.selenium.dev/documentation/webdriver/troubleshooting/errors#no-such-element-exception
Build info: version: &amp;apos;4.17.0&amp;apos;, revision: &amp;apos;e52b1be057*&amp;apos;
System info: os.name: &amp;apos;Windows 10&amp;apos;, os.arch: &amp;apos;amd64&amp;apos;, os.version: &amp;apos;10.0&amp;apos;, java.version: &amp;apos;17.0.9&amp;apos;
Driver info: org.openqa.selenium.chrome.ChromeDriver
Command: [523c553e1b90e1345a0da4b42eec1494, findElement {using=xpath, value=//body/app-root[1]/app-content-layout-v35[1]/div[1]/div[2]/div[2]/app-home-v35[1]/div[1]/div[1]/div[1]/div[1]/app-payments-main-v35[1]/div[1]/div[3]/div[4]/div[1]/div[1]/div[1]/button[1]}]
Capabilities {acceptInsecureCerts: false, browserName: chrome, browserVersion: 121.0.6167.162, chrome: {chromedriverVersion: 120.0.6099.109 (3419140ab66..., userDataDir: C:\Users\ASLAHK~1\AppData\L...}, fedcm:accounts: true, goog:chromeOptions: {debuggerAddress: localhost:57502}, networkConnectionEnabled: false, pageLoadStrategy: normal, platformName: windows, proxy: Proxy(), se:cdp: ws://localhost:57502/devtoo..., se:cdpVersion: 121.0.6167.162, setWindowRect: true, strictFileInteractability: false, timeouts: {implicit: 0, pageLoad: 300000, script: 30000}, unhandledPromptBehavior: dismiss and notify, webauthn:extension:credBlob: true, webauthn:extension:largeBlob: true, webauthn:extension:minPinLength: true, webauthn:extension:prf: true, webauthn:virtualAuthenticators: true}
Session ID: 523c553e1b90e1345a0da4b42eec1494">
      <![CDATA[org.openqa.selenium.NoSuchElementException: no such element: Unable to locate element: {"method":"xpath","selector":"//body/app-root[1]/app-content-layout-v35[1]/div[1]/div[2]/div[2]/app-home-v35[1]/div[1]/div[1]/div[1]/div[1]/app-payments-main-v35[1]/div[1]/div[3]/div[4]/div[1]/div[1]/div[1]/button[1]"}
  (Session info: chrome=121.0.6167.162)
For documentation on this error, please visit: https://www.selenium.dev/documentation/webdriver/troubleshooting/errors#no-such-element-exception
Build info: version: '4.17.0', revision: 'e52b1be057*'
System info: os.name: 'Windows 10', os.arch: 'amd64', os.version: '10.0', java.version: '17.0.9'
Driver info: org.openqa.selenium.chrome.ChromeDriver
Command: [523c553e1b90e1345a0da4b42eec1494, findElement {using=xpath, value=//body/app-root[1]/app-content-layout-v35[1]/div[1]/div[2]/div[2]/app-home-v35[1]/div[1]/div[1]/div[1]/div[1]/app-payments-main-v35[1]/div[1]/div[3]/div[4]/div[1]/div[1]/div[1]/button[1]}]
Capabilities {acceptInsecureCerts: false, browserName: chrome, browserVersion: 121.0.6167.162, chrome: {chromedriverVersion: 120.0.6099.109 (3419140ab66..., userDataDir: C:\Users\ASLAHK~1\AppData\L...}, fedcm:accounts: true, goog:chromeOptions: {debuggerAddress: localhost:57502}, networkConnectionEnabled: false, pageLoadStrategy: normal, platformName: windows, proxy: Proxy(), se:cdp: ws://localhost:57502/devtoo..., se:cdpVersion: 121.0.6167.162, setWindowRect: true, strictFileInteractability: false, timeouts: {implicit: 0, pageLoad: 300000, script: 30000}, unhandledPromptBehavior: dismiss and notify, webauthn:extension:credBlob: true, webauthn:extension:largeBlob: true, webauthn:extension:minPinLength: true, webauthn:extension:prf: true, webauthn:virtualAuthenticators: true}
Session ID: 523c553e1b90e1345a0da4b42eec1494
at org.openqa.selenium.remote.codec.w3c.W3CHttpResponseCodec.createException(W3CHttpResponseCodec.java:185)
at org.openqa.selenium.remote.codec.w3c.W3CHttpResponseCodec.decode(W3CHttpResponseCodec.java:134)
at org.openqa.selenium.remote.codec.w3c.W3CHttpResponseCodec.decode(W3CHttpResponseCodec.java:51)
at org.openqa.selenium.remote.HttpCommandExecutor.execute(HttpCommandExecutor.java:190)
at org.openqa.selenium.remote.service.DriverCommandExecutor.invokeExecute(DriverCommandExecutor.java:216)
at org.openqa.selenium.remote.service.DriverCommandExecutor.execute(DriverCommandExecutor.java:174)
at org.openqa.selenium.remote.RemoteWebDriver.execute(RemoteWebDriver.java:519)
at org.openqa.selenium.remote.ElementLocation$ElementFinder$2.findElement(ElementLocation.java:165)
at org.openqa.selenium.remote.ElementLocation.findElement(ElementLocation.java:59)
at org.openqa.selenium.remote.RemoteWebDriver.findElement(RemoteWebDriver.java:356)
at org.openqa.selenium.remote.RemoteWebDriver.findElement(RemoteWebDriver.java:350)
at Home_page.Wallet_to_Wire.Wallet_Wire_Processing(Wallet_to_Wire.java:80)
at java.base/java.util.ArrayList.forEach(ArrayList.java:1511)
... Removed 31 stack frames]]>
    </failure>
  </testcase> <!-- Wallet_Wire_Processing -->
  <testcase classname="Home_page.Wallet_to_Wire" name="Wallet_Wire_Save" time="97.815"/>
  <testcase classname="Home_page.CreditCard_to_ACH" name="CreditCard_ACH_Processing" time="130.755"/>
  <testcase classname="Home_page.CreditCard_to_ACH" name="CreditCard_ACH_Save" time="150.198"/>
  <testcase classname="Home_page.CreditCard_to_Wire" name="CreditCard_Wire_Processing" time="104.814"/>
  <testcase classname="Home_page.CreditCard_to_Wire" name="CreditCard_Wire_Save" time="51.319">
    <failure type="org.openqa.selenium.ElementClickInterceptedException" message="element click intercepted: Element &amp;lt;span _ngcontent-ng-c2442958209=&amp;quot;&amp;quot; class=&amp;quot;text-class&amp;quot;&amp;gt;...&amp;lt;/span&amp;gt; is not clickable at point (734, 819). Other element would receive the click: &amp;lt;div class=&amp;quot;cdk-overlay-backdrop cdk-overlay-dark-backdrop cdk-overlay-backdrop-showing&amp;quot;&amp;gt;&amp;lt;/div&amp;gt;
  (Session info: chrome=121.0.6167.162)
Build info: version: &amp;apos;4.17.0&amp;apos;, revision: &amp;apos;e52b1be057*&amp;apos;
System info: os.name: &amp;apos;Windows 10&amp;apos;, os.arch: &amp;apos;amd64&amp;apos;, os.version: &amp;apos;10.0&amp;apos;, java.version: &amp;apos;17.0.9&amp;apos;
Driver info: org.openqa.selenium.chrome.ChromeDriver
Command: [22cdb873203e6ad96f5ce407e82cbdaa, clickElement {id=8E3E7BAA819FADB3D32AB08E897A6039_element_816}]
Capabilities {acceptInsecureCerts: false, browserName: chrome, browserVersion: 121.0.6167.162, chrome: {chromedriverVersion: 120.0.6099.109 (3419140ab66..., userDataDir: C:\Users\ASLAHK~1\AppData\L...}, fedcm:accounts: true, goog:chromeOptions: {debuggerAddress: localhost:57717}, networkConnectionEnabled: false, pageLoadStrategy: normal, platformName: windows, proxy: Proxy(), se:cdp: ws://localhost:57717/devtoo..., se:cdpVersion: 121.0.6167.162, setWindowRect: true, strictFileInteractability: false, timeouts: {implicit: 0, pageLoad: 300000, script: 30000}, unhandledPromptBehavior: dismiss and notify, webauthn:extension:credBlob: true, webauthn:extension:largeBlob: true, webauthn:extension:minPinLength: true, webauthn:extension:prf: true, webauthn:virtualAuthenticators: true}
Element: [[ChromeDriver: chrome on windows (22cdb873203e6ad96f5ce407e82cbdaa)] -&amp;gt; xpath: //span[contains(text(),&amp;apos;Save&amp;apos;)]]
Session ID: 22cdb873203e6ad96f5ce407e82cbdaa">
      <![CDATA[org.openqa.selenium.ElementClickInterceptedException: element click intercepted: Element <span _ngcontent-ng-c2442958209="" class="text-class">...</span> is not clickable at point (734, 819). Other element would receive the click: <div class="cdk-overlay-backdrop cdk-overlay-dark-backdrop cdk-overlay-backdrop-showing"></div>
  (Session info: chrome=121.0.6167.162)
Build info: version: '4.17.0', revision: 'e52b1be057*'
System info: os.name: 'Windows 10', os.arch: 'amd64', os.version: '10.0', java.version: '17.0.9'
Driver info: org.openqa.selenium.chrome.ChromeDriver
Command: [22cdb873203e6ad96f5ce407e82cbdaa, clickElement {id=8E3E7BAA819FADB3D32AB08E897A6039_element_816}]
Capabilities {acceptInsecureCerts: false, browserName: chrome, browserVersion: 121.0.6167.162, chrome: {chromedriverVersion: 120.0.6099.109 (3419140ab66..., userDataDir: C:\Users\ASLAHK~1\AppData\L...}, fedcm:accounts: true, goog:chromeOptions: {debuggerAddress: localhost:57717}, networkConnectionEnabled: false, pageLoadStrategy: normal, platformName: windows, proxy: Proxy(), se:cdp: ws://localhost:57717/devtoo..., se:cdpVersion: 121.0.6167.162, setWindowRect: true, strictFileInteractability: false, timeouts: {implicit: 0, pageLoad: 300000, script: 30000}, unhandledPromptBehavior: dismiss and notify, webauthn:extension:credBlob: true, webauthn:extension:largeBlob: true, webauthn:extension:minPinLength: true, webauthn:extension:prf: true, webauthn:virtualAuthenticators: true}
Element: [[ChromeDriver: chrome on windows (22cdb873203e6ad96f5ce407e82cbdaa)] -> xpath: //span[contains(text(),'Save')]]
Session ID: 22cdb873203e6ad96f5ce407e82cbdaa
at org.openqa.selenium.remote.codec.w3c.W3CHttpResponseCodec.createException(W3CHttpResponseCodec.java:185)
at org.openqa.selenium.remote.codec.w3c.W3CHttpResponseCodec.decode(W3CHttpResponseCodec.java:134)
at org.openqa.selenium.remote.codec.w3c.W3CHttpResponseCodec.decode(W3CHttpResponseCodec.java:51)
at org.openqa.selenium.remote.HttpCommandExecutor.execute(HttpCommandExecutor.java:190)
at org.openqa.selenium.remote.service.DriverCommandExecutor.invokeExecute(DriverCommandExecutor.java:216)
at org.openqa.selenium.remote.service.DriverCommandExecutor.execute(DriverCommandExecutor.java:174)
at org.openqa.selenium.remote.RemoteWebDriver.execute(RemoteWebDriver.java:519)
at org.openqa.selenium.remote.RemoteWebElement.execute(RemoteWebElement.java:223)
at org.openqa.selenium.remote.RemoteWebElement.click(RemoteWebElement.java:76)
at Home_page.CreditCard_to_Wire.CreditCard_Wire_Save(CreditCard_to_Wire.java:453)
at java.base/java.util.ArrayList.forEach(ArrayList.java:1511)
... Removed 32 stack frames]]>
    </failure>
  </testcase> <!-- CreditCard_Wire_Save -->
  <testcase classname="Home_page.CreditCard_to_CheckMail" name="CreditCard_CheckMail_Processing" time="168.33"/>
  <testcase classname="Home_page.CreditCard_to_CheckMail" name="CreditCard_CheckMail_Save" time="80.879"/>
  <testcase classname="Home_page.CreditCard_to_VirtualCard" name="CreditCard_VirtualCard_Processing" time="98.621"/>
  <testcase classname="Home_page.CreditCard_to_VirtualCard" name="CreditCard_VirtualCard_Save" time="79.063"/>
  <testcase classname="Home_page.CloudBank_ACH" name="CloudBank__ACH" time="70.747"/>
  <testcase classname="Home_page.CloudBnak_Wire_Domestic" name="CloudBank__Wire_Domestic" time="70.82"/>
  <testcase classname="Home_page.CloudBank_Wire_International" name="CloudBank_Wire__International" time="84.827"/>
  <testcase classname="Home_page.CloudBank_InstantCloudTransfer" name="CloudBank_Instant_Transfer" time="28.896"/>
</testsuite> <!-- Test -->
