<?xml version="1.0" encoding="UTF-8"?>
<!-- Generated by org.testng.reporters.JUnitXMLReporter -->
<testsuite ignored="0" hostname="DESKTOP-C4941E1" failures="1" tests="12" name="Test" time="946.974" errors="0" timestamp="2023-11-28T16:52:47 IST">
  <testcase classname="Home_page.Bank_ACH" name="Bank_ACH_Save" time="71.416"/>
  <testcase classname="Home_page.Bank_ACH" name="Bank__ACH_Processing" time="71.43"/>
  <testcase classname="Home_page.Bank_WIre" name="Bank_Wire_Processing" time="82.012"/>
  <testcase classname="Home_page.Bank_WIre" name="Bank_Wire_Save" time="80.53"/>
  <testcase classname="Home_page.Bank_VirtualCard" name="Bank_Virtual_Card_Processing" time="70.613"/>
  <testcase classname="Home_page.Bank_VirtualCard" name="Bank_Virtual_Card_Save" time="68.881"/>
  <testcase classname="Home_page.Bank_Check" name="Bank_Check_DirectDeposit" time="80.981"/>
  <testcase classname="Home_page.Bank_Check" name="Bank_Check_Email" time="72.956"/>
  <testcase classname="Home_page.Bank_Check" name="Bank_Check_Mail" time="87.204"/>
  <testcase classname="Home_page.Bank_Check" name="Bank_Check_Save" time="64.562"/>
  <testcase classname="Home_page.Bank_Check" name="Bank_Print_Check_Paper" time="71.833"/>
  <testcase classname="Home_page.Bank_Check" name="Bank_Print_White_Paper" time="37.578">
    <failure type="org.openqa.selenium.ElementClickInterceptedException" message="element click intercepted: Element &amp;lt;span _ngcontent-ng-c3904269158=&amp;quot;&amp;quot; class=&amp;quot;text-class&amp;quot;&amp;gt;...&amp;lt;/span&amp;gt; is not clickable at point (989, 841). Other element would receive the click: &amp;lt;div class=&amp;quot;cdk-overlay-backdrop cdk-overlay-dark-backdrop cdk-overlay-backdrop-showing&amp;quot;&amp;gt;&amp;lt;/div&amp;gt;
  (Session info: chrome=119.0.6045.160)
Build info: version: &amp;apos;4.15.0&amp;apos;, revision: &amp;apos;1d14b5521b&amp;apos;
System info: os.name: &amp;apos;Windows 10&amp;apos;, os.arch: &amp;apos;amd64&amp;apos;, os.version: &amp;apos;10.0&amp;apos;, java.version: &amp;apos;17.0.9&amp;apos;
Driver info: org.openqa.selenium.chrome.ChromeDriver
Command: [7dc01d6e88ef75fec77537bf31c27c12, clickElement {id=7C2D76D0D665A5A674248BC9DD1C6C37_element_1807}]
Capabilities {acceptInsecureCerts: false, browserName: chrome, browserVersion: 119.0.6045.160, chrome: {chromedriverVersion: 119.0.6045.105 (38c72552c5e..., userDataDir: C:\Users\ASLAHK~1\AppData\L...}, fedcm:accounts: true, goog:chromeOptions: {debuggerAddress: localhost:55391}, networkConnectionEnabled: false, pageLoadStrategy: normal, platformName: windows, proxy: Proxy(), se:cdp: ws://localhost:55391/devtoo..., se:cdpVersion: 119.0.6045.160, setWindowRect: true, strictFileInteractability: false, timeouts: {implicit: 0, pageLoad: 300000, script: 30000}, unhandledPromptBehavior: dismiss and notify, webauthn:extension:credBlob: true, webauthn:extension:largeBlob: true, webauthn:extension:minPinLength: true, webauthn:extension:prf: true, webauthn:virtualAuthenticators: true}
Element: [[ChromeDriver: chrome on windows (7dc01d6e88ef75fec77537bf31c27c12)] -&amp;gt; xpath: //span[contains(text(),&amp;apos;Print&amp;apos;)]]
Session ID: 7dc01d6e88ef75fec77537bf31c27c12">
      <![CDATA[org.openqa.selenium.ElementClickInterceptedException: element click intercepted: Element <span _ngcontent-ng-c3904269158="" class="text-class">...</span> is not clickable at point (989, 841). Other element would receive the click: <div class="cdk-overlay-backdrop cdk-overlay-dark-backdrop cdk-overlay-backdrop-showing"></div>
  (Session info: chrome=119.0.6045.160)
Build info: version: '4.15.0', revision: '1d14b5521b'
System info: os.name: 'Windows 10', os.arch: 'amd64', os.version: '10.0', java.version: '17.0.9'
Driver info: org.openqa.selenium.chrome.ChromeDriver
Command: [7dc01d6e88ef75fec77537bf31c27c12, clickElement {id=7C2D76D0D665A5A674248BC9DD1C6C37_element_1807}]
Capabilities {acceptInsecureCerts: false, browserName: chrome, browserVersion: 119.0.6045.160, chrome: {chromedriverVersion: 119.0.6045.105 (38c72552c5e..., userDataDir: C:\Users\ASLAHK~1\AppData\L...}, fedcm:accounts: true, goog:chromeOptions: {debuggerAddress: localhost:55391}, networkConnectionEnabled: false, pageLoadStrategy: normal, platformName: windows, proxy: Proxy(), se:cdp: ws://localhost:55391/devtoo..., se:cdpVersion: 119.0.6045.160, setWindowRect: true, strictFileInteractability: false, timeouts: {implicit: 0, pageLoad: 300000, script: 30000}, unhandledPromptBehavior: dismiss and notify, webauthn:extension:credBlob: true, webauthn:extension:largeBlob: true, webauthn:extension:minPinLength: true, webauthn:extension:prf: true, webauthn:virtualAuthenticators: true}
Element: [[ChromeDriver: chrome on windows (7dc01d6e88ef75fec77537bf31c27c12)] -> xpath: //span[contains(text(),'Print')]]
Session ID: 7dc01d6e88ef75fec77537bf31c27c12
at org.openqa.selenium.remote.codec.w3c.W3CHttpResponseCodec.createException(W3CHttpResponseCodec.java:200)
at org.openqa.selenium.remote.codec.w3c.W3CHttpResponseCodec.decode(W3CHttpResponseCodec.java:133)
at org.openqa.selenium.remote.codec.w3c.W3CHttpResponseCodec.decode(W3CHttpResponseCodec.java:52)
at org.openqa.selenium.remote.HttpCommandExecutor.execute(HttpCommandExecutor.java:191)
at org.openqa.selenium.remote.service.DriverCommandExecutor.invokeExecute(DriverCommandExecutor.java:200)
at org.openqa.selenium.remote.service.DriverCommandExecutor.execute(DriverCommandExecutor.java:175)
at org.openqa.selenium.remote.RemoteWebDriver.execute(RemoteWebDriver.java:607)
at org.openqa.selenium.remote.RemoteWebElement.execute(RemoteWebElement.java:224)
at org.openqa.selenium.remote.RemoteWebElement.click(RemoteWebElement.java:77)
at Home_page.Bank_Check.Bank_Print_White_Paper(Bank_Check.java:761)
at java.base/java.util.ArrayList.forEach(ArrayList.java:1511)
... Removed 32 stack frames]]>
    </failure>
  </testcase> <!-- Bank_Print_White_Paper -->
</testsuite> <!-- Test -->
