<html>
<head>
<title>TestNG:  Test</title>
<link href="../testng.css" rel="stylesheet" type="text/css" />
<link href="../my-testng.css" rel="stylesheet" type="text/css" />

<style type="text/css">
.log { display: none;} 
.stack-trace { display: none;} 
</style>
<script type="text/javascript">
<!--
function flip(e) {
  current = e.style.display;
  if (current == 'block') {
    e.style.display = 'none';
    return 0;
  }
  else {
    e.style.display = 'block';
    return 1;
  }
}

function toggleBox(szDivId, elem, msg1, msg2)
{
  var res = -1;  if (document.getElementById) {
    res = flip(document.getElementById(szDivId));
  }
  else if (document.all) {
    // this is the way old msie versions work
    res = flip(document.all[szDivId]);
  }
  if(elem) {
    if(res == 0) elem.innerHTML = msg1; else elem.innerHTML = msg2;
  }

}

function toggleAllBoxes() {
  if (document.getElementsByTagName) {
    d = document.getElementsByTagName('div');
    for (i = 0; i < d.length; i++) {
      if (d[i].className == 'log') {
        flip(d[i]);
      }
    }
  }
}

// -->
</script>

</head>
<body>
<h2 align='center'>Test</h2><table border='1' align="center">
<tr>
<td>Tests passed/Failed/Skipped:</td><td>11/1/0</td>
</tr><tr>
<td>Started on:</td><td>Tue Nov 28 16:37:00 IST 2023</td>
</tr>
<tr><td>Total time:</td><td>946 seconds (946974 ms)</td>
</tr><tr>
<td>Included groups:</td><td></td>
</tr><tr>
<td>Excluded groups:</td><td></td>
</tr>
</table><p/>
<small><i>(Hover the method name to see the test class name)</i></small><p/>
<table width='100%' border='1' class='invocation-failed'>
<tr><td colspan='4' align='center'><b>FAILED TESTS</b></td></tr>
<tr><td><b>Test method</b></td>
<td width="30%"><b>Exception</b></td>
<td width="10%"><b>Time (seconds)</b></td>
<td><b>Instance</b></td>
</tr>
<tr>
<td title='Home_page.Bank_Check.Bank_Print_White_Paper()'><b>Bank_Print_White_Paper</b><br>Test class: Home_page.Bank_Check<br>Parameters: 100, T, y, l, https://release-v35-staging.web.ocw.sebipay.com/v3/manage/home</td>
<td><div><pre>org.openqa.selenium.ElementClickInterceptedException: element click intercepted: Element &lt;span _ngcontent-ng-c3904269158=&quot;&quot; class=&quot;text-class&quot;&gt;...&lt;/span&gt; is not clickable at point (989, 841). Other element would receive the click: &lt;div class=&quot;cdk-overlay-backdrop cdk-overlay-dark-backdrop cdk-overlay-backdrop-showing&quot;&gt;&lt;/div&gt;
  (Session info: chrome=119.0.6045.160)
Build info: version: &apos;4.15.0&apos;, revision: &apos;1d14b5521b&apos;
System info: os.name: &apos;Windows 10&apos;, os.arch: &apos;amd64&apos;, os.version: &apos;10.0&apos;, java.version: &apos;17.0.9&apos;
Driver info: org.openqa.selenium.chrome.ChromeDriver
Command: [7dc01d6e88ef75fec77537bf31c27c12, clickElement {id=7C2D76D0D665A5A674248BC9DD1C6C37_element_1807}]
Capabilities {acceptInsecureCerts: false, browserName: chrome, browserVersion: 119.0.6045.160, chrome: {chromedriverVersion: 119.0.6045.105 (38c72552c5e..., userDataDir: C:\Users\ASLAHK~1\AppData\L...}, fedcm:accounts: true, goog:chromeOptions: {debuggerAddress: localhost:55391}, networkConnectionEnabled: false, pageLoadStrategy: normal, platformName: windows, proxy: Proxy(), se:cdp: ws://localhost:55391/devtoo..., se:cdpVersion: 119.0.6045.160, setWindowRect: true, strictFileInteractability: false, timeouts: {implicit: 0, pageLoad: 300000, script: 30000}, unhandledPromptBehavior: dismiss and notify, webauthn:extension:credBlob: true, webauthn:extension:largeBlob: true, webauthn:extension:minPinLength: true, webauthn:extension:prf: true, webauthn:virtualAuthenticators: true}
Element: [[ChromeDriver: chrome on windows (7dc01d6e88ef75fec77537bf31c27c12)] -&gt; xpath: //span[contains(text(),&apos;Print&apos;)]]
Session ID: 7dc01d6e88ef75fec77537bf31c27c12
	at org.openqa.selenium.remote.codec.w3c.W3CHttpResponseCodec.createException(W3CHttpResponseCodec.java:200)
	at org.openqa.selenium.remote.codec.w3c.W3CHttpResponseCodec.decode(W3CHttpResponseCodec.java:133)
	at org.openqa.selenium.remote.codec.w3c.W3CHttpResponseCodec.decode(W3CHttpResponseCodec.java:52)
	at org.openqa.selenium.remote.HttpCommandExecutor.execute(HttpCommandExecutor.java:191)
	at org.openqa.selenium.remote.service.DriverCommandExecutor.invokeExecute(DriverCommandExecutor.java:200)
	at org.openqa.selenium.remote.service.DriverCommandExecutor.execute(DriverCommandExecutor.java:175)
	at org.openqa.selenium.remote.RemoteWebDriver.execute(RemoteWebDriver.java:607)
	at org.openqa.selenium.remote.RemoteWebElement.execute(RemoteWebElement.java:224)
	at org.openqa.selenium.remote.RemoteWebElement.click(RemoteWebElement.java:77)
	at Home_page.Bank_Check.Bank_Print_White_Paper(Bank_Check.java:761)
	at java.base/java.util.ArrayList.forEach(ArrayList.java:1511)
... Removed 32 stack frames</pre></div><a href='#' onClick='toggleBox("stack-trace565841203", this, "Click to show all stack frames", "Click to hide stack frames")'>Click to show all stack frames</a>
<div class='stack-trace' id='stack-trace565841203'><pre>org.openqa.selenium.ElementClickInterceptedException: element click intercepted: Element &lt;span _ngcontent-ng-c3904269158=&quot;&quot; class=&quot;text-class&quot;&gt;...&lt;/span&gt; is not clickable at point (989, 841). Other element would receive the click: &lt;div class=&quot;cdk-overlay-backdrop cdk-overlay-dark-backdrop cdk-overlay-backdrop-showing&quot;&gt;&lt;/div&gt;
  (Session info: chrome=119.0.6045.160)
Build info: version: &apos;4.15.0&apos;, revision: &apos;1d14b5521b&apos;
System info: os.name: &apos;Windows 10&apos;, os.arch: &apos;amd64&apos;, os.version: &apos;10.0&apos;, java.version: &apos;17.0.9&apos;
Driver info: org.openqa.selenium.chrome.ChromeDriver
Command: [7dc01d6e88ef75fec77537bf31c27c12, clickElement {id=7C2D76D0D665A5A674248BC9DD1C6C37_element_1807}]
Capabilities {acceptInsecureCerts: false, browserName: chrome, browserVersion: 119.0.6045.160, chrome: {chromedriverVersion: 119.0.6045.105 (38c72552c5e..., userDataDir: C:\Users\ASLAHK~1\AppData\L...}, fedcm:accounts: true, goog:chromeOptions: {debuggerAddress: localhost:55391}, networkConnectionEnabled: false, pageLoadStrategy: normal, platformName: windows, proxy: Proxy(), se:cdp: ws://localhost:55391/devtoo..., se:cdpVersion: 119.0.6045.160, setWindowRect: true, strictFileInteractability: false, timeouts: {implicit: 0, pageLoad: 300000, script: 30000}, unhandledPromptBehavior: dismiss and notify, webauthn:extension:credBlob: true, webauthn:extension:largeBlob: true, webauthn:extension:minPinLength: true, webauthn:extension:prf: true, webauthn:virtualAuthenticators: true}
Element: [[ChromeDriver: chrome on windows (7dc01d6e88ef75fec77537bf31c27c12)] -&gt; xpath: //span[contains(text(),&apos;Print&apos;)]]
Session ID: 7dc01d6e88ef75fec77537bf31c27c12
	at java.base/jdk.internal.reflect.NativeConstructorAccessorImpl.newInstance0(Native Method)
	at java.base/jdk.internal.reflect.NativeConstructorAccessorImpl.newInstance(NativeConstructorAccessorImpl.java:77)
	at java.base/jdk.internal.reflect.DelegatingConstructorAccessorImpl.newInstance(DelegatingConstructorAccessorImpl.java:45)
	at java.base/java.lang.reflect.Constructor.newInstanceWithCaller(Constructor.java:499)
	at java.base/java.lang.reflect.Constructor.newInstance(Constructor.java:480)
	at org.openqa.selenium.remote.codec.w3c.W3CHttpResponseCodec.createException(W3CHttpResponseCodec.java:200)
	at org.openqa.selenium.remote.codec.w3c.W3CHttpResponseCodec.decode(W3CHttpResponseCodec.java:133)
	at org.openqa.selenium.remote.codec.w3c.W3CHttpResponseCodec.decode(W3CHttpResponseCodec.java:52)
	at org.openqa.selenium.remote.HttpCommandExecutor.execute(HttpCommandExecutor.java:191)
	at org.openqa.selenium.remote.service.DriverCommandExecutor.invokeExecute(DriverCommandExecutor.java:200)
	at org.openqa.selenium.remote.service.DriverCommandExecutor.execute(DriverCommandExecutor.java:175)
	at org.openqa.selenium.remote.RemoteWebDriver.execute(RemoteWebDriver.java:607)
	at org.openqa.selenium.remote.RemoteWebElement.execute(RemoteWebElement.java:224)
	at org.openqa.selenium.remote.RemoteWebElement.click(RemoteWebElement.java:77)
	at Home_page.Bank_Check.Bank_Print_White_Paper(Bank_Check.java:761)
	at java.base/jdk.internal.reflect.NativeMethodAccessorImpl.invoke0(Native Method)
	at java.base/jdk.internal.reflect.NativeMethodAccessorImpl.invoke(NativeMethodAccessorImpl.java:77)
	at java.base/jdk.internal.reflect.DelegatingMethodAccessorImpl.invoke(DelegatingMethodAccessorImpl.java:43)
	at java.base/java.lang.reflect.Method.invoke(Method.java:568)
	at org.testng.internal.MethodInvocationHelper.invokeMethod(MethodInvocationHelper.java:133)
	at org.testng.internal.TestInvoker.invokeMethod(TestInvoker.java:598)
	at org.testng.internal.TestInvoker.invokeTestMethod(TestInvoker.java:173)
	at org.testng.internal.MethodRunner.runInSequence(MethodRunner.java:46)
	at org.testng.internal.TestInvoker$MethodInvocationAgent.invoke(TestInvoker.java:824)
	at org.testng.internal.TestInvoker.invokeTestMethods(TestInvoker.java:146)
	at org.testng.internal.TestMethodWorker.invokeTestMethods(TestMethodWorker.java:146)
	at org.testng.internal.TestMethodWorker.run(TestMethodWorker.java:128)
	at java.base/java.util.ArrayList.forEach(ArrayList.java:1511)
	at org.testng.TestRunner.privateRun(TestRunner.java:794)
	at org.testng.TestRunner.run(TestRunner.java:596)
	at org.testng.SuiteRunner.runTest(SuiteRunner.java:377)
	at org.testng.SuiteRunner.runSequentially(SuiteRunner.java:371)
	at org.testng.SuiteRunner.privateRun(SuiteRunner.java:332)
	at org.testng.SuiteRunner.run(SuiteRunner.java:276)
	at org.testng.SuiteRunnerWorker.runSuite(SuiteRunnerWorker.java:53)
	at org.testng.SuiteRunnerWorker.run(SuiteRunnerWorker.java:96)
	at org.testng.TestNG.runSuitesSequentially(TestNG.java:1212)
	at org.testng.TestNG.runSuitesLocally(TestNG.java:1134)
	at org.testng.TestNG.runSuites(TestNG.java:1063)
	at org.testng.TestNG.run(TestNG.java:1031)
	at org.testng.remote.AbstractRemoteTestNG.run(AbstractRemoteTestNG.java:115)
	at org.testng.remote.RemoteTestNG.initAndRun(RemoteTestNG.java:251)
	at org.testng.remote.RemoteTestNG.main(RemoteTestNG.java:77)
</pre></div></td>
<td>37</td>
<td>Home_page.Bank_Check@6392827e</td></tr>
</table><p>
<table width='100%' border='1' class='invocation-passed'>
<tr><td colspan='4' align='center'><b>PASSED TESTS</b></td></tr>
<tr><td><b>Test method</b></td>
<td width="30%"><b>Exception</b></td>
<td width="10%"><b>Time (seconds)</b></td>
<td><b>Instance</b></td>
</tr>
<tr>
<td title='Home_page.Bank_ACH.Bank__ACH_Processing()'><b>Bank__ACH_Processing</b><br>Test class: Home_page.Bank_ACH<br>Parameters: 100, T, y, l, https://release-v35-staging.web.ocw.sebipay.com/v3/manage/home</td>
<td></td>
<td>71</td>
<td>Home_page.Bank_ACH@21e360a</td></tr>
<tr>
<td title='Home_page.Bank_VirtualCard.Bank_Virtual_Card_Save()'><b>Bank_Virtual_Card_Save</b><br>Test class: Home_page.Bank_VirtualCard<br>Parameters: 100, T, y, l, https://release-v35-staging.web.ocw.sebipay.com/v3/manage/home</td>
<td></td>
<td>68</td>
<td>Home_page.Bank_VirtualCard@209da20d</td></tr>
<tr>
<td title='Home_page.Bank_Check.Bank_Check_Save()'><b>Bank_Check_Save</b><br>Test class: Home_page.Bank_Check<br>Parameters: 100, T, y, l, https://release-v35-staging.web.ocw.sebipay.com/v3/manage/home</td>
<td></td>
<td>64</td>
<td>Home_page.Bank_Check@6392827e</td></tr>
<tr>
<td title='Home_page.Bank_Check.Bank_Check_DirectDeposit()'><b>Bank_Check_DirectDeposit</b><br>Test class: Home_page.Bank_Check<br>Parameters: 100, T, y, l, https://release-v35-staging.web.ocw.sebipay.com/v3/manage/home</td>
<td></td>
<td>80</td>
<td>Home_page.Bank_Check@6392827e</td></tr>
<tr>
<td title='Home_page.Bank_WIre.Bank_Wire_Save()'><b>Bank_Wire_Save</b><br>Test class: Home_page.Bank_WIre<br>Parameters: 100, T, y, l, https://release-v35-staging.web.ocw.sebipay.com/v3/manage/home</td>
<td></td>
<td>80</td>
<td>Home_page.Bank_WIre@bae7dc0</td></tr>
<tr>
<td title='Home_page.Bank_Check.Bank_Check_Mail()'><b>Bank_Check_Mail</b><br>Test class: Home_page.Bank_Check<br>Parameters: 100, T, y, l, https://release-v35-staging.web.ocw.sebipay.com/v3/manage/home</td>
<td></td>
<td>87</td>
<td>Home_page.Bank_Check@6392827e</td></tr>
<tr>
<td title='Home_page.Bank_Check.Bank_Check_Email()'><b>Bank_Check_Email</b><br>Test class: Home_page.Bank_Check<br>Parameters: 100, T, y, l, https://release-v35-staging.web.ocw.sebipay.com/v3/manage/home</td>
<td></td>
<td>72</td>
<td>Home_page.Bank_Check@6392827e</td></tr>
<tr>
<td title='Home_page.Bank_VirtualCard.Bank_Virtual_Card_Processing()'><b>Bank_Virtual_Card_Processing</b><br>Test class: Home_page.Bank_VirtualCard<br>Parameters: 100, T, y, l, https://release-v35-staging.web.ocw.sebipay.com/v3/manage/home</td>
<td></td>
<td>70</td>
<td>Home_page.Bank_VirtualCard@209da20d</td></tr>
<tr>
<td title='Home_page.Bank_Check.Bank_Print_Check_Paper()'><b>Bank_Print_Check_Paper</b><br>Test class: Home_page.Bank_Check<br>Parameters: 100, T, y, l, https://release-v35-staging.web.ocw.sebipay.com/v3/manage/home</td>
<td></td>
<td>71</td>
<td>Home_page.Bank_Check@6392827e</td></tr>
<tr>
<td title='Home_page.Bank_ACH.Bank_ACH_Save()'><b>Bank_ACH_Save</b><br>Test class: Home_page.Bank_ACH<br>Parameters: 100, T, y, l, https://release-v35-staging.web.ocw.sebipay.com/v3/manage/home</td>
<td></td>
<td>71</td>
<td>Home_page.Bank_ACH@21e360a</td></tr>
<tr>
<td title='Home_page.Bank_WIre.Bank_Wire_Processing()'><b>Bank_Wire_Processing</b><br>Test class: Home_page.Bank_WIre<br>Parameters: 100, T, y, l, https://release-v35-staging.web.ocw.sebipay.com/v3/manage/home</td>
<td></td>
<td>82</td>
<td>Home_page.Bank_WIre@bae7dc0</td></tr>
</table><p>
</body>
</html>